<?xml version="1.0" encoding="UTF-8"?>
<!-- Generated by org.testng.reporters.JUnitXMLReporter -->
<testsuite ignored="0" hostname="Priyanka_Sharma" failures="0" tests="10" name="UserTests" time="92.695" errors="0" timestamp="2025-09-25T23:45:53 IST">
  <testcase classname="Testing.RegisterUser" name="registerUserTest" time="9.268"/>
  <testcase classname="Testing.LoginUserCorrect" name="loginWithCorrectCredentials" time="4.437"/>
  <testcase classname="Testing.LoginUserIncorrect" name="loginWithIncorrectCredentials" time="2.733"/>
  <testcase classname="Testing.LogoutUser" name="logoutTest" time="5.862"/>
  <testcase classname="Testing.RegisterUserExistingEmail" name="registerWithExistingEmailTest" time="2.644"/>
  <testcase classname="Testing.ContactUsForm" name="contactUsTest" time="4.398"/>
  <testcase classname="Testing.VerifyTestCasesPage" name="verifyTestCasesPage" time="1.167"/>
  <testcase classname="Testing.VerifyAllProducts" name="verifyAllProductsAndDetails" time="3.971"/>
  <testcase classname="Testing.SearchProduct" name="searchProductTest" time="3.003"/>
  <testcase classname="Testing.VerifySubscriptionHome" name="verifySubscriptionTest" time="0.542"/>
</testsuite> <!-- UserTests -->
