<?xml version="1.0" encoding="UTF-8"?>
<testng-results ignored="0" total="10" passed="10" failed="0" skipped="0">
  <reporter-output>
  </reporter-output>
  <suite started-at="2025-09-25T23:44:20 IST" name="ExampleSuite" finished-at="2025-09-25T23:45:53 IST" duration-ms="92695">
    <groups>
    </groups>
    <test started-at="2025-09-25T23:44:20 IST" name="UserTests" finished-at="2025-09-25T23:45:53 IST" duration-ms="92695">
      <class name="Testing.VerifySubscriptionHome">
        <test-method is-config="true" signature="setUp()[pri:0, instance:Testing.VerifySubscriptionHome@6a78afa0]" started-at="2025-09-25T23:45:47 IST" name="setUp" finished-at="2025-09-25T23:45:52 IST" duration-ms="4647" status="PASS">
          <reporter-output>
          </reporter-output>
        </test-method> <!-- setUp -->
        <test-method signature="verifySubscriptionTest()[pri:0, instance:Testing.VerifySubscriptionHome@6a78afa0]" started-at="2025-09-25T23:45:52 IST" name="verifySubscriptionTest" finished-at="2025-09-25T23:45:52 IST" duration-ms="542" status="PASS">
          <reporter-output>
          </reporter-output>
        </test-method> <!-- verifySubscriptionTest -->
        <test-method is-config="true" signature="tearDown()[pri:0, instance:Testing.VerifySubscriptionHome@6a78afa0]" started-at="2025-09-25T23:45:52 IST" name="tearDown" finished-at="2025-09-25T23:45:53 IST" duration-ms="381" status="PASS">
          <reporter-output>
          </reporter-output>
        </test-method> <!-- tearDown -->
      </class> <!-- Testing.VerifySubscriptionHome -->
      <class name="Testing.RegisterUser">
        <test-method is-config="true" signature="setUp()[pri:0, instance:Testing.RegisterUser@235834f2]" started-at="2025-09-25T23:44:20 IST" name="setUp" finished-at="2025-09-25T23:44:26 IST" duration-ms="6277" status="PASS">
          <reporter-output>
          </reporter-output>
        </test-method> <!-- setUp -->
        <test-method signature="registerUserTest()[pri:0, instance:Testing.RegisterUser@235834f2]" started-at="2025-09-25T23:44:26 IST" name="registerUserTest" finished-at="2025-09-25T23:44:36 IST" duration-ms="9268" status="PASS">
          <reporter-output>
          </reporter-output>
        </test-method> <!-- registerUserTest -->
        <test-method is-config="true" signature="tearDown()[pri:0, instance:Testing.RegisterUser@235834f2]" started-at="2025-09-25T23:44:36 IST" name="tearDown" finished-at="2025-09-25T23:44:36 IST" duration-ms="513" status="PASS">
          <reporter-output>
          </reporter-output>
        </test-method> <!-- tearDown -->
      </class> <!-- Testing.RegisterUser -->
      <class name="Testing.LoginUserIncorrect">
        <test-method is-config="true" signature="setUp()[pri:0, instance:Testing.LoginUserIncorrect@815b41f]" started-at="2025-09-25T23:44:46 IST" name="setUp" finished-at="2025-09-25T23:44:51 IST" duration-ms="4999" status="PASS">
          <reporter-output>
          </reporter-output>
        </test-method> <!-- setUp -->
        <test-method signature="loginWithIncorrectCredentials()[pri:0, instance:Testing.LoginUserIncorrect@815b41f]" started-at="2025-09-25T23:44:51 IST" name="loginWithIncorrectCredentials" finished-at="2025-09-25T23:44:54 IST" duration-ms="2733" status="PASS">
          <reporter-output>
          </reporter-output>
        </test-method> <!-- loginWithIncorrectCredentials -->
        <test-method is-config="true" signature="tearDown()[pri:0, instance:Testing.LoginUserIncorrect@815b41f]" started-at="2025-09-25T23:44:54 IST" name="tearDown" finished-at="2025-09-25T23:44:55 IST" duration-ms="450" status="PASS">
          <reporter-output>
          </reporter-output>
        </test-method> <!-- tearDown -->
      </class> <!-- Testing.LoginUserIncorrect -->
      <class name="Testing.RegisterUserExistingEmail">
        <test-method is-config="true" signature="setUp()[pri:0, instance:Testing.RegisterUserExistingEmail@1573f9fc]" started-at="2025-09-25T23:45:05 IST" name="setUp" finished-at="2025-09-25T23:45:10 IST" duration-ms="5282" status="PASS">
          <reporter-output>
          </reporter-output>
        </test-method> <!-- setUp -->
        <test-method signature="registerWithExistingEmailTest()[pri:0, instance:Testing.RegisterUserExistingEmail@1573f9fc]" started-at="2025-09-25T23:45:10 IST" name="registerWithExistingEmailTest" finished-at="2025-09-25T23:45:13 IST" duration-ms="2644" status="PASS">
          <reporter-output>
          </reporter-output>
        </test-method> <!-- registerWithExistingEmailTest -->
        <test-method is-config="true" signature="tearDown()[pri:0, instance:Testing.RegisterUserExistingEmail@1573f9fc]" started-at="2025-09-25T23:45:13 IST" name="tearDown" finished-at="2025-09-25T23:45:13 IST" duration-ms="334" status="PASS">
          <reporter-output>
          </reporter-output>
        </test-method> <!-- tearDown -->
      </class> <!-- Testing.RegisterUserExistingEmail -->
      <class name="Testing.SearchProduct">
        <test-method is-config="true" signature="setUp()[pri:0, instance:Testing.SearchProduct@dd05255]" started-at="2025-09-25T23:45:39 IST" name="setUp" finished-at="2025-09-25T23:45:44 IST" duration-ms="4738" status="PASS">
          <reporter-output>
          </reporter-output>
        </test-method> <!-- setUp -->
        <test-method signature="searchProductTest()[pri:0, instance:Testing.SearchProduct@dd05255]" started-at="2025-09-25T23:45:44 IST" name="searchProductTest" finished-at="2025-09-25T23:45:47 IST" duration-ms="3003" status="PASS">
          <reporter-output>
          </reporter-output>
        </test-method> <!-- searchProductTest -->
        <test-method is-config="true" signature="tearDown()[pri:0, instance:Testing.SearchProduct@dd05255]" started-at="2025-09-25T23:45:47 IST" name="tearDown" finished-at="2025-09-25T23:45:47 IST" duration-ms="393" status="PASS">
          <reporter-output>
          </reporter-output>
        </test-method> <!-- tearDown -->
      </class> <!-- Testing.SearchProduct -->
      <class name="Testing.VerifyAllProducts">
        <test-method is-config="true" signature="setUp()[pri:0, instance:Testing.VerifyAllProducts@7e6f74c]" started-at="2025-09-25T23:45:30 IST" name="setUp" finished-at="2025-09-25T23:45:35 IST" duration-ms="4719" status="PASS">
          <reporter-output>
          </reporter-output>
        </test-method> <!-- setUp -->
        <test-method signature="verifyAllProductsAndDetails()[pri:0, instance:Testing.VerifyAllProducts@7e6f74c]" started-at="2025-09-25T23:45:35 IST" name="verifyAllProductsAndDetails" finished-at="2025-09-25T23:45:39 IST" duration-ms="3971" status="PASS">
          <reporter-output>
          </reporter-output>
        </test-method> <!-- verifyAllProductsAndDetails -->
        <test-method is-config="true" signature="tearDown()[pri:0, instance:Testing.VerifyAllProducts@7e6f74c]" started-at="2025-09-25T23:45:39 IST" name="tearDown" finished-at="2025-09-25T23:45:39 IST" duration-ms="367" status="PASS">
          <reporter-output>
          </reporter-output>
        </test-method> <!-- tearDown -->
      </class> <!-- Testing.VerifyAllProducts -->
      <class name="Testing.LogoutUser">
        <test-method is-config="true" signature="setUp()[pri:0, instance:Testing.LogoutUser@5542c4ed]" started-at="2025-09-25T23:44:55 IST" name="setUp" finished-at="2025-09-25T23:44:59 IST" duration-ms="3971" status="PASS">
          <reporter-output>
          </reporter-output>
        </test-method> <!-- setUp -->
        <test-method signature="logoutTest()[pri:0, instance:Testing.LogoutUser@5542c4ed]" started-at="2025-09-25T23:44:59 IST" name="logoutTest" finished-at="2025-09-25T23:45:04 IST" duration-ms="5862" status="PASS">
          <reporter-output>
          </reporter-output>
        </test-method> <!-- logoutTest -->
        <test-method is-config="true" signature="tearDown()[pri:0, instance:Testing.LogoutUser@5542c4ed]" started-at="2025-09-25T23:45:05 IST" name="tearDown" finished-at="2025-09-25T23:45:05 IST" duration-ms="513" status="PASS">
          <reporter-output>
          </reporter-output>
        </test-method> <!-- tearDown -->
      </class> <!-- Testing.LogoutUser -->
      <class name="Testing.VerifyTestCasesPage">
        <test-method is-config="true" signature="setUp()[pri:0, instance:Testing.VerifyTestCasesPage@44c03695]" started-at="2025-09-25T23:45:23 IST" name="setUp" finished-at="2025-09-25T23:45:28 IST" duration-ms="5049" status="PASS">
          <reporter-output>
          </reporter-output>
        </test-method> <!-- setUp -->
        <test-method signature="verifyTestCasesPage()[pri:0, instance:Testing.VerifyTestCasesPage@44c03695]" started-at="2025-09-25T23:45:28 IST" name="verifyTestCasesPage" finished-at="2025-09-25T23:45:30 IST" duration-ms="1167" status="PASS">
          <reporter-output>
          </reporter-output>
        </test-method> <!-- verifyTestCasesPage -->
        <test-method is-config="true" signature="tearDown()[pri:0, instance:Testing.VerifyTestCasesPage@44c03695]" started-at="2025-09-25T23:45:30 IST" name="tearDown" finished-at="2025-09-25T23:45:30 IST" duration-ms="325" status="PASS">
          <reporter-output>
          </reporter-output>
        </test-method> <!-- tearDown -->
      </class> <!-- Testing.VerifyTestCasesPage -->
      <class name="Testing.ContactUsForm">
        <test-method is-config="true" signature="setUp()[pri:0, instance:Testing.ContactUsForm@6150c3ec]" started-at="2025-09-25T23:45:13 IST" name="setUp" finished-at="2025-09-25T23:45:18 IST" duration-ms="5155" status="PASS">
          <reporter-output>
          </reporter-output>
        </test-method> <!-- setUp -->
        <test-method signature="contactUsTest()[pri:0, instance:Testing.ContactUsForm@6150c3ec]" started-at="2025-09-25T23:45:18 IST" name="contactUsTest" finished-at="2025-09-25T23:45:23 IST" duration-ms="4398" status="PASS">
          <reporter-output>
          </reporter-output>
        </test-method> <!-- contactUsTest -->
        <test-method is-config="true" signature="tearDown()[pri:0, instance:Testing.ContactUsForm@6150c3ec]" started-at="2025-09-25T23:45:23 IST" name="tearDown" finished-at="2025-09-25T23:45:23 IST" duration-ms="502" status="PASS">
          <reporter-output>
          </reporter-output>
        </test-method> <!-- tearDown -->
      </class> <!-- Testing.ContactUsForm -->
      <class name="Testing.LoginUserCorrect">
        <test-method is-config="true" signature="setUp()[pri:0, instance:Testing.LoginUserCorrect@3b69e7d1]" started-at="2025-09-25T23:44:36 IST" name="setUp" finished-at="2025-09-25T23:44:42 IST" duration-ms="5515" status="PASS">
          <reporter-output>
          </reporter-output>
        </test-method> <!-- setUp -->
        <test-method signature="loginWithCorrectCredentials()[pri:0, instance:Testing.LoginUserCorrect@3b69e7d1]" started-at="2025-09-25T23:44:42 IST" name="loginWithCorrectCredentials" finished-at="2025-09-25T23:44:46 IST" duration-ms="4437" status="PASS">
          <reporter-output>
          </reporter-output>
        </test-method> <!-- loginWithCorrectCredentials -->
        <test-method is-config="true" signature="tearDown()[pri:0, instance:Testing.LoginUserCorrect@3b69e7d1]" started-at="2025-09-25T23:44:46 IST" name="tearDown" finished-at="2025-09-25T23:44:46 IST" duration-ms="415" status="PASS">
          <reporter-output>
          </reporter-output>
        </test-method> <!-- tearDown -->
      </class> <!-- Testing.LoginUserCorrect -->
    </test> <!-- UserTests -->
  </suite> <!-- ExampleSuite -->
</testng-results>
